[INFO    ] Setting up logfile :  nv_drz.log
[INFO    ] AstroDrizzle log file: nv_drz.log
[INFO    ] AstroDrizzle Version 3.4.2 started at: 14:13:23.518 (08/06/2022)
[INFO    ] 
[INFO    ] Version Information
[INFO    ] --------------------
[INFO    ] Python Version [Clang 12.0.0 ]
[INFO    ] 3.9.12 (main, Apr  5 2022, 01:53:17) 
[INFO    ] numpy Version -> 1.22.4 
[INFO    ] astropy Version -> 5.1 
[INFO    ] stwcs Version -> 1.7.2 
[INFO    ] ==== Processing Step  Initialization  started at  14:13:23.520 (08/06/2022)
[INFO    ] 
[INFO    ] Executing serially
[INFO    ] Setting up output name: nv_test4_drz.fits
[INFO    ] -Creating imageObject List as input for processing steps.
[INFO    ] Reading in MDRIZSKY of 0.0
[INFO    ] WARNING: No cte correction will be made for this SBC data.
[INFO    ] -Creating output WCS.
[INFO    ] WCS Keywords
[INFO    ] 
[INFO    ] Number of WCS axes: 2
[INFO    ] CTYPE : 'RA---TAN'  'DEC--TAN'  
[INFO    ] CRVAL : 319.6010213418009  0.2918966151872038  
[INFO    ] CRPIX : 974.0  980.5  
[INFO    ] CD1_1 CD1_2  : -6.944444444444445e-06  4.235164736271502e-22  
[INFO    ] CD2_1 CD2_2  : 4.235164736271502e-22  6.944444444444445e-06  
[INFO    ] NAXIS : 1947  1960
[INFO    ] ********************************************************************************
[INFO    ] *
[INFO    ] *  Estimated memory usage:  up to 51 Mb.
[INFO    ] *  Output image size:       1947 X 1960 pixels. 
[INFO    ] *  Output image file:       ~ 43 Mb. 
[INFO    ] *  Cores available:         1
[INFO    ] *
[INFO    ] ********************************************************************************
[INFO    ] ==== Processing Step Initialization finished at 14:13:23.640 (08/06/2022)
[INFO    ] USER INPUT PARAMETERS common to all Processing Steps:
[INFO    ] 	build :	True
[INFO    ] 	coeffs :	True
[INFO    ] 	context :	True
[INFO    ] 	crbit :	4096
[INFO    ] 	group :	
[INFO    ] 	in_memory :	True
[INFO    ] 	input :	hst_16231_01_acs_sbc_f150lp_jec401nv_flt.fits
[INFO    ] 	mdriztab :	False
[INFO    ] 	num_cores :	1
[INFO    ] 	output :	nv_test4
[INFO    ] 	proc_unit :	native
[INFO    ] 	resetbits :	0
[INFO    ] 	rules_file :	
[INFO    ] 	runfile :	nv_drz.log
[INFO    ] 	stepsize :	10
[INFO    ] 	updatewcs :	False
[INFO    ] 	wcskey :	
[INFO    ] ==== Processing Step  Static Mask  started at  14:13:23.64 (08/06/2022)
[INFO    ] 
[INFO    ] Static Mask step not performed.
[INFO    ] ==== Processing Step Static Mask finished at 14:13:23.644 (08/06/2022)
[INFO    ] ==== Processing Step  Subtract Sky  started at  14:13:23.644 (08/06/2022)
[INFO    ] 
[INFO    ] Sky Subtraction step not performed.
[INFO    ] ==== Processing Step Subtract Sky finished at 14:13:23.673 (08/06/2022)
[INFO    ] ==== Processing Step  Separate Drizzle  started at  14:13:23.674 (08/06/2022)
[INFO    ] 
[INFO    ] Single drizzle step not performed.
[INFO    ] ==== Processing Step Separate Drizzle finished at 14:13:23.675 (08/06/2022)
[INFO    ] ==== Processing Step  Create Median  started at  14:13:23.676 (08/06/2022)
[INFO    ] 
[INFO    ] Median combination step not performed.
[INFO    ] ==== Processing Step  Blot  started at  14:13:23.678 (08/06/2022)
[INFO    ] 
[INFO    ] Blot step not performed.
[INFO    ] ==== Processing Step Blot finished at 14:13:23.681 (08/06/2022)
[INFO    ] ==== Processing Step  Driz_CR  started at  14:13:23.681 (08/06/2022)
[INFO    ] 
[INFO    ] Cosmic-ray identification (driz_cr) step not performed.
[INFO    ] ==== Processing Step  Final Drizzle  started at  14:13:23.683 (08/06/2022)
[INFO    ] 
[INFO    ] Interpreted paramDict with single=False as:
{'build': True, 'stepsize': 10, 'coeffs': True, 'wcskey': '', 'wht_type': 'EXP', 'kernel': 'square', 'wt_scl': 'exptime', 'pixfrac': 1.0, 'fillval': None, 'maskval': None, 'bits': 65535, 'units': 'cps'}
[INFO    ] USER INPUT PARAMETERS for Final Drizzle Step:
[INFO    ] 	bits :	65535
[INFO    ] 	build :	True
[INFO    ] 	clean :	True
[INFO    ] 	coeffs :	True
[INFO    ] 	crbit :	4096
[INFO    ] 	fillval :	None
[INFO    ] 	kernel :	square
[INFO    ] 	logfile :	nv_drz.log
[INFO    ] 	maskval :	None
[INFO    ] 	pixfrac :	1.0
[INFO    ] 	proc_unit :	native
[INFO    ] 	rules_file :	None
[INFO    ] 	stepsize :	10
[INFO    ] 	units :	cps
[INFO    ] 	wcskey :	
[INFO    ] 	wht_type :	EXP
[INFO    ] 	wt_scl :	exptime
[INFO    ]   **Using sub-sampling value of 10 for kernel square
[INFO    ] Running Drizzle to create output frame with WCS of: 
[INFO    ] WCS Keywords
[INFO    ] 
[INFO    ] Number of WCS axes: 2
[INFO    ] CTYPE : 'RA---TAN'  'DEC--TAN'  
[INFO    ] CRVAL : 319.6010213418009  0.2918966151872038  
[INFO    ] CRPIX : 974.0  980.5  
[INFO    ] CD1_1 CD1_2  : -6.944444444444445e-06  4.235164736271502e-22  
[INFO    ] CD2_1 CD2_2  : 4.235164736271502e-22  6.944444444444445e-06  
[INFO    ] NAXIS : 1947  1960
[INFO    ] -Drizzle input: hst_16231_01_acs_sbc_f150lp_jec401nv_flt.fits[sci,1]
[WARNING ] No CR mask file found! Input DQ array not updated.
[INFO    ] Applying EXPTIME weighting to DQ mask for chip 1
[INFO    ] Using WCSLIB-based coordinate transformation...
[INFO    ] stepsize = 10
[INFO    ] -Drizzling using kernel = square

[INFO    ] -Generating multi-extension output file:  nv_test4_drz.fits
[INFO    ] Deleted all instances of WCS with key A in extensions [1]
[INFO    ] Deleted all instances of WCS with key B in extensions [1]
[INFO    ] Writing out to disk: nv_test4_drz.fits
[WARNING ] /Users/ha/.local/lib/python3.9/site-packages/astropy/io/fits/card.py:1008: VerifyWarning: Card is too long, comment will be truncated.
  warnings.warn('Card is too long, comment will be truncated.',

[INFO    ] ==== Processing Step Final Drizzle finished at 14:13:24.449 (08/06/2022)
[INFO    ] 
[INFO    ] AstroDrizzle Version 3.4.2 is finished processing at 14:13:24.451 (08/06/2022).
[INFO    ] 
[INFO    ] 
[INFO    ] 
[INFO    ]    --------------------          --------------------
[INFO    ]                    Step          Elapsed time
[INFO    ]    --------------------          --------------------
[INFO    ] 
[INFO    ]          Initialization          0.1204 sec.
[INFO    ]             Static Mask          0.0014 sec.
[INFO    ]            Subtract Sky          0.0283 sec.
[INFO    ]        Separate Drizzle          0.0015 sec.
[INFO    ]           Create Median          0.0000 sec.
[INFO    ]                    Blot          0.0028 sec.
[INFO    ]                 Driz_CR          0.0000 sec.
[INFO    ]           Final Drizzle          0.7667 sec.
[INFO    ]    ====================          ====================
[INFO    ]                   Total          0.9211 sec.
[INFO    ] 
[INFO    ] Removing intermediate files for hst_16231_01_acs_sbc_f150lp_jec401nv_flt.fits
[INFO    ] Trailer file written to:  nv_drz.log
